{"C:\\dev\\projects\\a31_test_automation_frameworks\\aqa_js\\automation_api\\config.js": {"path":"C:\\dev\\projects\\a31_test_automation_frameworks\\aqa_js\\automation_api\\config.js","statementMap":{"0":{"start":{"line":1,"column":13},"end":{"line":1,"column":28}},"1":{"start":{"line":2,"column":0},"end":{"line":2,"column":68}},"2":{"start":{"line":5,"column":0},"end":{"line":8,"column":2}}},"fnMap":{},"branchMap":{},"s":{"0":2,"1":2,"2":2},"f":{},"b":{},"_coverageSchema":"1a1c01bbd47fc00a2c39e90264f33305004495a9","hash":"545a858d87c7512170d9938ff38104becd1e6f6f"}
,"C:\\dev\\projects\\a31_test_automation_frameworks\\aqa_js\\automation_selenium\\config.js": {"path":"C:\\dev\\projects\\a31_test_automation_frameworks\\aqa_js\\automation_selenium\\config.js","statementMap":{"0":{"start":{"line":1,"column":13},"end":{"line":1,"column":28}},"1":{"start":{"line":2,"column":0},"end":{"line":2,"column":68}},"2":{"start":{"line":5,"column":0},"end":{"line":7,"column":2}}},"fnMap":{},"branchMap":{},"s":{"0":5,"1":5,"2":5},"f":{},"b":{},"_coverageSchema":"1a1c01bbd47fc00a2c39e90264f33305004495a9","hash":"a01d492d02b598307125ec6168a638f6930be1bd"}
,"C:\\dev\\projects\\a31_test_automation_frameworks\\aqa_js\\automation_selenium\\pom\\addcontactpage.js": {"path":"C:\\dev\\projects\\a31_test_automation_frameworks\\aqa_js\\automation_selenium\\pom\\addcontactpage.js","statementMap":{"0":{"start":{"line":1,"column":14},"end":{"line":1,"column":43}},"1":{"start":{"line":2,"column":15},"end":{"line":2,"column":37}},"2":{"start":{"line":6,"column":8},"end":{"line":6,"column":16}},"3":{"start":{"line":7,"column":8},"end":{"line":7,"column":60}},"4":{"start":{"line":8,"column":8},"end":{"line":24,"column":10}},"5":{"start":{"line":25,"column":8},"end":{"line":25,"column":27}},"6":{"start":{"line":29,"column":8},"end":{"line":29,"column":38}},"7":{"start":{"line":32,"column":8},"end":{"line":32,"column":58}},"8":{"start":{"line":35,"column":8},"end":{"line":35,"column":75}},"9":{"start":{"line":38,"column":8},"end":{"line":38,"column":73}},"10":{"start":{"line":41,"column":8},"end":{"line":41,"column":67}},"11":{"start":{"line":44,"column":8},"end":{"line":44,"column":75}},"12":{"start":{"line":47,"column":8},"end":{"line":47,"column":67}},"13":{"start":{"line":50,"column":8},"end":{"line":50,"column":78}},"14":{"start":{"line":53,"column":8},"end":{"line":53,"column":78}},"15":{"start":{"line":56,"column":8},"end":{"line":56,"column":65}},"16":{"start":{"line":59,"column":8},"end":{"line":59,"column":67}},"17":{"start":{"line":62,"column":8},"end":{"line":62,"column":77}},"18":{"start":{"line":65,"column":8},"end":{"line":65,"column":71}},"19":{"start":{"line":68,"column":8},"end":{"line":68,"column":54}},"20":{"start":{"line":71,"column":8},"end":{"line":71,"column":54}},"21":{"start":{"line":74,"column":8},"end":{"line":74,"column":54}},"22":{"start":{"line":77,"column":8},"end":{"line":77,"column":66}},"23":{"start":{"line":78,"column":8},"end":{"line":78,"column":64}},"24":{"start":{"line":79,"column":8},"end":{"line":79,"column":63}},"25":{"start":{"line":80,"column":8},"end":{"line":80,"column":49}},"26":{"start":{"line":81,"column":8},"end":{"line":81,"column":45}},"27":{"start":{"line":82,"column":8},"end":{"line":82,"column":61}},"28":{"start":{"line":83,"column":8},"end":{"line":83,"column":61}},"29":{"start":{"line":84,"column":8},"end":{"line":84,"column":55}},"30":{"start":{"line":85,"column":8},"end":{"line":85,"column":57}},"31":{"start":{"line":86,"column":8},"end":{"line":86,"column":46}},"32":{"start":{"line":87,"column":8},"end":{"line":87,"column":61}},"33":{"start":{"line":90,"column":8},"end":{"line":90,"column":63}},"34":{"start":{"line":93,"column":0},"end":{"line":93,"column":39}}},"fnMap":{"0":{"name":"(anonymous_0)","decl":{"start":{"line":5,"column":4},"end":{"line":5,"column":5}},"loc":{"start":{"line":5,"column":18},"end":{"line":26,"column":5}},"line":5},"1":{"name":"(anonymous_1)","decl":{"start":{"line":28,"column":4},"end":{"line":28,"column":5}},"loc":{"start":{"line":28,"column":28},"end":{"line":30,"column":5}},"line":28},"2":{"name":"(anonymous_2)","decl":{"start":{"line":31,"column":4},"end":{"line":31,"column":5}},"loc":{"start":{"line":31,"column":30},"end":{"line":33,"column":5}},"line":31},"3":{"name":"(anonymous_3)","decl":{"start":{"line":34,"column":4},"end":{"line":34,"column":5}},"loc":{"start":{"line":34,"column":42},"end":{"line":36,"column":5}},"line":34},"4":{"name":"(anonymous_4)","decl":{"start":{"line":37,"column":4},"end":{"line":37,"column":5}},"loc":{"start":{"line":37,"column":40},"end":{"line":39,"column":5}},"line":37},"5":{"name":"(anonymous_5)","decl":{"start":{"line":40,"column":4},"end":{"line":40,"column":5}},"loc":{"start":{"line":40,"column":33},"end":{"line":42,"column":5}},"line":40},"6":{"name":"(anonymous_6)","decl":{"start":{"line":43,"column":4},"end":{"line":43,"column":5}},"loc":{"start":{"line":43,"column":41},"end":{"line":45,"column":5}},"line":43},"7":{"name":"(anonymous_7)","decl":{"start":{"line":46,"column":4},"end":{"line":46,"column":5}},"loc":{"start":{"line":46,"column":33},"end":{"line":48,"column":5}},"line":46},"8":{"name":"(anonymous_8)","decl":{"start":{"line":49,"column":4},"end":{"line":49,"column":5}},"loc":{"start":{"line":49,"column":37},"end":{"line":51,"column":5}},"line":49},"9":{"name":"(anonymous_9)","decl":{"start":{"line":52,"column":4},"end":{"line":52,"column":5}},"loc":{"start":{"line":52,"column":37},"end":{"line":54,"column":5}},"line":52},"10":{"name":"(anonymous_10)","decl":{"start":{"line":55,"column":4},"end":{"line":55,"column":5}},"loc":{"start":{"line":55,"column":31},"end":{"line":57,"column":5}},"line":55},"11":{"name":"(anonymous_11)","decl":{"start":{"line":58,"column":4},"end":{"line":58,"column":5}},"loc":{"start":{"line":58,"column":33},"end":{"line":60,"column":5}},"line":58},"12":{"name":"(anonymous_12)","decl":{"start":{"line":61,"column":4},"end":{"line":61,"column":5}},"loc":{"start":{"line":61,"column":44},"end":{"line":63,"column":5}},"line":61},"13":{"name":"(anonymous_13)","decl":{"start":{"line":64,"column":4},"end":{"line":64,"column":5}},"loc":{"start":{"line":64,"column":37},"end":{"line":66,"column":5}},"line":64},"14":{"name":"(anonymous_14)","decl":{"start":{"line":67,"column":4},"end":{"line":67,"column":5}},"loc":{"start":{"line":67,"column":25},"end":{"line":69,"column":5}},"line":67},"15":{"name":"(anonymous_15)","decl":{"start":{"line":70,"column":4},"end":{"line":70,"column":5}},"loc":{"start":{"line":70,"column":25},"end":{"line":72,"column":5}},"line":70},"16":{"name":"(anonymous_16)","decl":{"start":{"line":73,"column":4},"end":{"line":73,"column":5}},"loc":{"start":{"line":73,"column":25},"end":{"line":75,"column":5}},"line":73},"17":{"name":"(anonymous_17)","decl":{"start":{"line":76,"column":4},"end":{"line":76,"column":5}},"loc":{"start":{"line":76,"column":55},"end":{"line":88,"column":5}},"line":76},"18":{"name":"(anonymous_18)","decl":{"start":{"line":89,"column":4},"end":{"line":89,"column":5}},"loc":{"start":{"line":89,"column":30},"end":{"line":91,"column":5}},"line":89}},"branchMap":{},"s":{"0":3,"1":3,"2":3,"3":3,"4":3,"5":3,"6":0,"7":0,"8":0,"9":0,"10":0,"11":0,"12":0,"13":0,"14":0,"15":0,"16":0,"17":0,"18":0,"19":0,"20":0,"21":0,"22":0,"23":0,"24":0,"25":0,"26":0,"27":0,"28":0,"29":0,"30":0,"31":0,"32":0,"33":0,"34":3},"f":{"0":3,"1":0,"2":0,"3":0,"4":0,"5":0,"6":0,"7":0,"8":0,"9":0,"10":0,"11":0,"12":0,"13":0,"14":0,"15":0,"16":0,"17":0,"18":0},"b":{},"_coverageSchema":"1a1c01bbd47fc00a2c39e90264f33305004495a9","hash":"193091f25bdd0cf43b509e51a42cb7110db571e4"}
,"C:\\dev\\projects\\a31_test_automation_frameworks\\aqa_js\\automation_selenium\\pom\\adduserpage.js": {"path":"C:\\dev\\projects\\a31_test_automation_frameworks\\aqa_js\\automation_selenium\\pom\\adduserpage.js","statementMap":{"0":{"start":{"line":1,"column":14},"end":{"line":1,"column":43}},"1":{"start":{"line":2,"column":15},"end":{"line":2,"column":37}},"2":{"start":{"line":6,"column":8},"end":{"line":6,"column":16}},"3":{"start":{"line":7,"column":8},"end":{"line":7,"column":57}},"4":{"start":{"line":8,"column":8},"end":{"line":15,"column":10}},"5":{"start":{"line":19,"column":8},"end":{"line":19,"column":38}},"6":{"start":{"line":22,"column":8},"end":{"line":22,"column":75}},"7":{"start":{"line":26,"column":8},"end":{"line":26,"column":73}},"8":{"start":{"line":30,"column":8},"end":{"line":30,"column":67}},"9":{"start":{"line":34,"column":8},"end":{"line":34,"column":73}},"10":{"start":{"line":37,"column":8},"end":{"line":37,"column":54}},"11":{"start":{"line":40,"column":8},"end":{"line":40,"column":54}},"12":{"start":{"line":43,"column":0},"end":{"line":43,"column":35}}},"fnMap":{"0":{"name":"(anonymous_0)","decl":{"start":{"line":5,"column":4},"end":{"line":5,"column":5}},"loc":{"start":{"line":5,"column":18},"end":{"line":16,"column":5}},"line":5},"1":{"name":"(anonymous_1)","decl":{"start":{"line":18,"column":4},"end":{"line":18,"column":5}},"loc":{"start":{"line":18,"column":28},"end":{"line":20,"column":5}},"line":18},"2":{"name":"(anonymous_2)","decl":{"start":{"line":21,"column":4},"end":{"line":21,"column":5}},"loc":{"start":{"line":21,"column":42},"end":{"line":23,"column":5}},"line":21},"3":{"name":"(anonymous_3)","decl":{"start":{"line":25,"column":4},"end":{"line":25,"column":5}},"loc":{"start":{"line":25,"column":40},"end":{"line":27,"column":5}},"line":25},"4":{"name":"(anonymous_4)","decl":{"start":{"line":29,"column":4},"end":{"line":29,"column":5}},"loc":{"start":{"line":29,"column":33},"end":{"line":31,"column":5}},"line":29},"5":{"name":"(anonymous_5)","decl":{"start":{"line":33,"column":4},"end":{"line":33,"column":5}},"loc":{"start":{"line":33,"column":39},"end":{"line":35,"column":5}},"line":33},"6":{"name":"(anonymous_6)","decl":{"start":{"line":36,"column":4},"end":{"line":36,"column":5}},"loc":{"start":{"line":36,"column":25},"end":{"line":38,"column":5}},"line":36},"7":{"name":"(anonymous_7)","decl":{"start":{"line":39,"column":4},"end":{"line":39,"column":5}},"loc":{"start":{"line":39,"column":25},"end":{"line":41,"column":5}},"line":39}},"branchMap":{},"s":{"0":5,"1":5,"2":5,"3":5,"4":5,"5":10,"6":3,"7":1,"8":1,"9":1,"10":1,"11":0,"12":5},"f":{"0":5,"1":10,"2":3,"3":1,"4":1,"5":1,"6":1,"7":0},"b":{},"_coverageSchema":"1a1c01bbd47fc00a2c39e90264f33305004495a9","hash":"4f621284e14b0bd283e87f83ff3d4eb0014afb1a"}
,"C:\\dev\\projects\\a31_test_automation_frameworks\\aqa_js\\automation_selenium\\pom\\basepage.js": {"path":"C:\\dev\\projects\\a31_test_automation_frameworks\\aqa_js\\automation_selenium\\pom\\basepage.js","statementMap":{"0":{"start":{"line":1,"column":16},"end":{"line":1,"column":45}},"1":{"start":{"line":2,"column":13},"end":{"line":2,"column":42}},"2":{"start":{"line":4,"column":13},"end":{"line":4,"column":65}},"3":{"start":{"line":5,"column":0},"end":{"line":5,"column":49}},"4":{"start":{"line":9,"column":8},"end":{"line":9,"column":31}},"5":{"start":{"line":10,"column":8},"end":{"line":10,"column":29}},"6":{"start":{"line":11,"column":8},"end":{"line":11,"column":43}},"7":{"start":{"line":14,"column":8},"end":{"line":14,"column":38}},"8":{"start":{"line":17,"column":8},"end":{"line":17,"column":46}},"9":{"start":{"line":20,"column":8},"end":{"line":20,"column":71}},"10":{"start":{"line":23,"column":8},"end":{"line":23,"column":69}},"11":{"start":{"line":26,"column":8},"end":{"line":26,"column":57}},"12":{"start":{"line":27,"column":8},"end":{"line":27,"column":69}},"13":{"start":{"line":30,"column":8},"end":{"line":30,"column":57}},"14":{"start":{"line":33,"column":8},"end":{"line":33,"column":73}},"15":{"start":{"line":36,"column":8},"end":{"line":36,"column":91}},"16":{"start":{"line":39,"column":8},"end":{"line":39,"column":49}},"17":{"start":{"line":42,"column":8},"end":{"line":42,"column":63}},"18":{"start":{"line":45,"column":8},"end":{"line":45,"column":66}},"19":{"start":{"line":48,"column":8},"end":{"line":48,"column":62}},"20":{"start":{"line":51,"column":8},"end":{"line":51,"column":33}},"21":{"start":{"line":55,"column":0},"end":{"line":55,"column":26}}},"fnMap":{"0":{"name":"(anonymous_0)","decl":{"start":{"line":8,"column":4},"end":{"line":8,"column":5}},"loc":{"start":{"line":8,"column":17},"end":{"line":12,"column":5}},"line":8},"1":{"name":"(anonymous_1)","decl":{"start":{"line":13,"column":4},"end":{"line":13,"column":5}},"loc":{"start":{"line":13,"column":27},"end":{"line":15,"column":5}},"line":13},"2":{"name":"(anonymous_2)","decl":{"start":{"line":16,"column":4},"end":{"line":16,"column":5}},"loc":{"start":{"line":16,"column":35},"end":{"line":18,"column":5}},"line":16},"3":{"name":"(anonymous_3)","decl":{"start":{"line":19,"column":4},"end":{"line":19,"column":5}},"loc":{"start":{"line":19,"column":40},"end":{"line":21,"column":5}},"line":19},"4":{"name":"(anonymous_4)","decl":{"start":{"line":22,"column":4},"end":{"line":22,"column":5}},"loc":{"start":{"line":22,"column":38},"end":{"line":24,"column":5}},"line":22},"5":{"name":"(anonymous_5)","decl":{"start":{"line":25,"column":4},"end":{"line":25,"column":5}},"loc":{"start":{"line":25,"column":40},"end":{"line":28,"column":5}},"line":25},"6":{"name":"(anonymous_6)","decl":{"start":{"line":29,"column":4},"end":{"line":29,"column":5}},"loc":{"start":{"line":29,"column":23},"end":{"line":31,"column":5}},"line":29},"7":{"name":"(anonymous_7)","decl":{"start":{"line":32,"column":4},"end":{"line":32,"column":5}},"loc":{"start":{"line":32,"column":32},"end":{"line":34,"column":5}},"line":32},"8":{"name":"(anonymous_8)","decl":{"start":{"line":35,"column":4},"end":{"line":35,"column":5}},"loc":{"start":{"line":35,"column":39},"end":{"line":37,"column":5}},"line":35},"9":{"name":"(anonymous_9)","decl":{"start":{"line":38,"column":4},"end":{"line":38,"column":5}},"loc":{"start":{"line":38,"column":31},"end":{"line":40,"column":5}},"line":38},"10":{"name":"(anonymous_10)","decl":{"start":{"line":41,"column":4},"end":{"line":41,"column":5}},"loc":{"start":{"line":41,"column":35},"end":{"line":43,"column":5}},"line":41},"11":{"name":"(anonymous_11)","decl":{"start":{"line":44,"column":4},"end":{"line":44,"column":5}},"loc":{"start":{"line":44,"column":38},"end":{"line":46,"column":5}},"line":44},"12":{"name":"(anonymous_12)","decl":{"start":{"line":47,"column":4},"end":{"line":47,"column":5}},"loc":{"start":{"line":47,"column":35},"end":{"line":49,"column":5}},"line":47},"13":{"name":"(anonymous_13)","decl":{"start":{"line":50,"column":4},"end":{"line":50,"column":5}},"loc":{"start":{"line":50,"column":24},"end":{"line":52,"column":5}},"line":50}},"branchMap":{},"s":{"0":5,"1":5,"2":5,"3":5,"4":28,"5":28,"6":28,"7":12,"8":0,"9":2,"10":6,"11":0,"12":0,"13":3,"14":1,"15":0,"16":1,"17":0,"18":0,"19":0,"20":5,"21":5},"f":{"0":28,"1":12,"2":0,"3":2,"4":6,"5":0,"6":3,"7":1,"8":0,"9":1,"10":0,"11":0,"12":0,"13":5},"b":{},"_coverageSchema":"1a1c01bbd47fc00a2c39e90264f33305004495a9","hash":"08150b4d8c330bd839e8c9b41fb66e77dd9eb949"}
,"C:\\dev\\projects\\a31_test_automation_frameworks\\aqa_js\\automation_selenium\\pom\\contactdetailspage.js": {"path":"C:\\dev\\projects\\a31_test_automation_frameworks\\aqa_js\\automation_selenium\\pom\\contactdetailspage.js","statementMap":{"0":{"start":{"line":1,"column":14},"end":{"line":1,"column":43}},"1":{"start":{"line":2,"column":15},"end":{"line":2,"column":37}},"2":{"start":{"line":6,"column":8},"end":{"line":6,"column":16}},"3":{"start":{"line":7,"column":8},"end":{"line":7,"column":64}},"4":{"start":{"line":8,"column":8},"end":{"line":25,"column":10}},"5":{"start":{"line":29,"column":8},"end":{"line":29,"column":38}},"6":{"start":{"line":32,"column":8},"end":{"line":32,"column":54}},"7":{"start":{"line":35,"column":8},"end":{"line":35,"column":59}},"8":{"start":{"line":38,"column":8},"end":{"line":38,"column":61}},"9":{"start":{"line":41,"column":8},"end":{"line":41,"column":54}},"10":{"start":{"line":44,"column":8},"end":{"line":44,"column":64}},"11":{"start":{"line":47,"column":8},"end":{"line":47,"column":63}},"12":{"start":{"line":50,"column":8},"end":{"line":50,"column":60}},"13":{"start":{"line":53,"column":8},"end":{"line":53,"column":64}},"14":{"start":{"line":56,"column":8},"end":{"line":56,"column":60}},"15":{"start":{"line":59,"column":8},"end":{"line":59,"column":69}},"16":{"start":{"line":62,"column":8},"end":{"line":62,"column":69}},"17":{"start":{"line":65,"column":8},"end":{"line":65,"column":59}},"18":{"start":{"line":68,"column":8},"end":{"line":68,"column":60}},"19":{"start":{"line":71,"column":8},"end":{"line":71,"column":65}},"20":{"start":{"line":74,"column":8},"end":{"line":74,"column":62}},"21":{"start":{"line":77,"column":22},"end":{"line":77,"column":58}},"22":{"start":{"line":78,"column":8},"end":{"line":78,"column":29}},"23":{"start":{"line":82,"column":0},"end":{"line":82,"column":42}}},"fnMap":{"0":{"name":"(anonymous_0)","decl":{"start":{"line":5,"column":4},"end":{"line":5,"column":5}},"loc":{"start":{"line":5,"column":18},"end":{"line":26,"column":5}},"line":5},"1":{"name":"(anonymous_1)","decl":{"start":{"line":28,"column":4},"end":{"line":28,"column":5}},"loc":{"start":{"line":28,"column":28},"end":{"line":30,"column":5}},"line":28},"2":{"name":"(anonymous_2)","decl":{"start":{"line":31,"column":4},"end":{"line":31,"column":5}},"loc":{"start":{"line":31,"column":25},"end":{"line":33,"column":5}},"line":31},"3":{"name":"(anonymous_3)","decl":{"start":{"line":34,"column":4},"end":{"line":34,"column":5}},"loc":{"start":{"line":34,"column":31},"end":{"line":36,"column":5}},"line":34},"4":{"name":"(anonymous_4)","decl":{"start":{"line":37,"column":4},"end":{"line":37,"column":5}},"loc":{"start":{"line":37,"column":33},"end":{"line":39,"column":5}},"line":37},"5":{"name":"(anonymous_5)","decl":{"start":{"line":40,"column":4},"end":{"line":40,"column":5}},"loc":{"start":{"line":40,"column":39},"end":{"line":42,"column":5}},"line":40},"6":{"name":"(anonymous_6)","decl":{"start":{"line":43,"column":4},"end":{"line":43,"column":5}},"loc":{"start":{"line":43,"column":26},"end":{"line":45,"column":5}},"line":43},"7":{"name":"(anonymous_7)","decl":{"start":{"line":46,"column":4},"end":{"line":46,"column":5}},"loc":{"start":{"line":46,"column":25},"end":{"line":48,"column":5}},"line":46},"8":{"name":"(anonymous_8)","decl":{"start":{"line":49,"column":4},"end":{"line":49,"column":5}},"loc":{"start":{"line":49,"column":21},"end":{"line":51,"column":5}},"line":49},"9":{"name":"(anonymous_9)","decl":{"start":{"line":52,"column":4},"end":{"line":52,"column":5}},"loc":{"start":{"line":52,"column":25},"end":{"line":54,"column":5}},"line":52},"10":{"name":"(anonymous_10)","decl":{"start":{"line":55,"column":4},"end":{"line":55,"column":5}},"loc":{"start":{"line":55,"column":21},"end":{"line":57,"column":5}},"line":55},"11":{"name":"(anonymous_11)","decl":{"start":{"line":58,"column":4},"end":{"line":58,"column":5}},"loc":{"start":{"line":58,"column":23},"end":{"line":60,"column":5}},"line":58},"12":{"name":"(anonymous_12)","decl":{"start":{"line":61,"column":4},"end":{"line":61,"column":5}},"loc":{"start":{"line":61,"column":23},"end":{"line":63,"column":5}},"line":61},"13":{"name":"(anonymous_13)","decl":{"start":{"line":64,"column":4},"end":{"line":64,"column":5}},"loc":{"start":{"line":64,"column":20},"end":{"line":66,"column":5}},"line":64},"14":{"name":"(anonymous_14)","decl":{"start":{"line":67,"column":4},"end":{"line":67,"column":5}},"loc":{"start":{"line":67,"column":21},"end":{"line":69,"column":5}},"line":67},"15":{"name":"(anonymous_15)","decl":{"start":{"line":70,"column":4},"end":{"line":70,"column":5}},"loc":{"start":{"line":70,"column":27},"end":{"line":72,"column":5}},"line":70},"16":{"name":"(anonymous_16)","decl":{"start":{"line":73,"column":4},"end":{"line":73,"column":5}},"loc":{"start":{"line":73,"column":23},"end":{"line":75,"column":5}},"line":73},"17":{"name":"(anonymous_17)","decl":{"start":{"line":76,"column":4},"end":{"line":76,"column":5}},"loc":{"start":{"line":76,"column":26},"end":{"line":79,"column":5}},"line":76}},"branchMap":{},"s":{"0":3,"1":3,"2":3,"3":3,"4":3,"5":0,"6":0,"7":0,"8":0,"9":0,"10":0,"11":0,"12":0,"13":0,"14":0,"15":0,"16":0,"17":0,"18":0,"19":0,"20":0,"21":0,"22":0,"23":3},"f":{"0":3,"1":0,"2":0,"3":0,"4":0,"5":0,"6":0,"7":0,"8":0,"9":0,"10":0,"11":0,"12":0,"13":0,"14":0,"15":0,"16":0,"17":0},"b":{},"_coverageSchema":"1a1c01bbd47fc00a2c39e90264f33305004495a9","hash":"bdcf0cb3e050b1f535944e8960ee66737e43d7fd"}
,"C:\\dev\\projects\\a31_test_automation_frameworks\\aqa_js\\automation_selenium\\pom\\contactlistpage.js": {"path":"C:\\dev\\projects\\a31_test_automation_frameworks\\aqa_js\\automation_selenium\\pom\\contactlistpage.js","statementMap":{"0":{"start":{"line":1,"column":14},"end":{"line":1,"column":43}},"1":{"start":{"line":2,"column":15},"end":{"line":2,"column":37}},"2":{"start":{"line":6,"column":8},"end":{"line":6,"column":16}},"3":{"start":{"line":7,"column":8},"end":{"line":7,"column":61}},"4":{"start":{"line":8,"column":8},"end":{"line":12,"column":10}},"5":{"start":{"line":16,"column":8},"end":{"line":16,"column":38}},"6":{"start":{"line":19,"column":8},"end":{"line":19,"column":58}},"7":{"start":{"line":22,"column":8},"end":{"line":22,"column":54}},"8":{"start":{"line":25,"column":8},"end":{"line":25,"column":58}},"9":{"start":{"line":28,"column":8},"end":{"line":28,"column":52}},"10":{"start":{"line":31,"column":31},"end":{"line":31,"column":71}},"11":{"start":{"line":32,"column":31},"end":{"line":32,"column":35}},"12":{"start":{"line":33,"column":8},"end":{"line":40,"column":9}},"13":{"start":{"line":33,"column":21},"end":{"line":33,"column":22}},"14":{"start":{"line":34,"column":26},"end":{"line":34,"column":61}},"15":{"start":{"line":35,"column":12},"end":{"line":35,"column":48}},"16":{"start":{"line":36,"column":12},"end":{"line":39,"column":13}},"17":{"start":{"line":37,"column":16},"end":{"line":37,"column":55}},"18":{"start":{"line":38,"column":16},"end":{"line":38,"column":22}},"19":{"start":{"line":41,"column":8},"end":{"line":41,"column":32}},"20":{"start":{"line":45,"column":0},"end":{"line":45,"column":39}}},"fnMap":{"0":{"name":"(anonymous_0)","decl":{"start":{"line":5,"column":4},"end":{"line":5,"column":5}},"loc":{"start":{"line":5,"column":18},"end":{"line":13,"column":5}},"line":5},"1":{"name":"(anonymous_1)","decl":{"start":{"line":15,"column":4},"end":{"line":15,"column":5}},"loc":{"start":{"line":15,"column":28},"end":{"line":17,"column":5}},"line":15},"2":{"name":"(anonymous_2)","decl":{"start":{"line":18,"column":4},"end":{"line":18,"column":5}},"loc":{"start":{"line":18,"column":30},"end":{"line":20,"column":5}},"line":18},"3":{"name":"(anonymous_3)","decl":{"start":{"line":21,"column":4},"end":{"line":21,"column":5}},"loc":{"start":{"line":21,"column":25},"end":{"line":23,"column":5}},"line":21},"4":{"name":"(anonymous_4)","decl":{"start":{"line":24,"column":4},"end":{"line":24,"column":5}},"loc":{"start":{"line":24,"column":35},"end":{"line":26,"column":5}},"line":24},"5":{"name":"(anonymous_5)","decl":{"start":{"line":27,"column":4},"end":{"line":27,"column":5}},"loc":{"start":{"line":27,"column":40},"end":{"line":29,"column":5}},"line":27},"6":{"name":"(anonymous_6)","decl":{"start":{"line":30,"column":4},"end":{"line":30,"column":5}},"loc":{"start":{"line":30,"column":51},"end":{"line":42,"column":5}},"line":30}},"branchMap":{"0":{"loc":{"start":{"line":36,"column":12},"end":{"line":39,"column":13}},"type":"if","locations":[{"start":{"line":36,"column":12},"end":{"line":39,"column":13}},{"start":{},"end":{}}],"line":36}},"s":{"0":5,"1":5,"2":5,"3":5,"4":5,"5":0,"6":0,"7":0,"8":0,"9":0,"10":0,"11":0,"12":0,"13":0,"14":0,"15":0,"16":0,"17":0,"18":0,"19":0,"20":5},"f":{"0":5,"1":0,"2":0,"3":0,"4":0,"5":0,"6":0},"b":{"0":[0,0]},"_coverageSchema":"1a1c01bbd47fc00a2c39e90264f33305004495a9","hash":"99f6c90470c21ca37ad905f0c823217973432368"}
,"C:\\dev\\projects\\a31_test_automation_frameworks\\aqa_js\\automation_selenium\\pom\\editcontactpage.js": {"path":"C:\\dev\\projects\\a31_test_automation_frameworks\\aqa_js\\automation_selenium\\pom\\editcontactpage.js","statementMap":{"0":{"start":{"line":1,"column":14},"end":{"line":1,"column":43}},"1":{"start":{"line":2,"column":15},"end":{"line":2,"column":37}},"2":{"start":{"line":6,"column":8},"end":{"line":6,"column":16}},"3":{"start":{"line":7,"column":8},"end":{"line":7,"column":61}},"4":{"start":{"line":8,"column":8},"end":{"line":26,"column":10}},"5":{"start":{"line":30,"column":8},"end":{"line":30,"column":38}},"6":{"start":{"line":33,"column":8},"end":{"line":33,"column":99}},"7":{"start":{"line":34,"column":8},"end":{"line":34,"column":97}},"8":{"start":{"line":35,"column":8},"end":{"line":35,"column":97}},"9":{"start":{"line":36,"column":8},"end":{"line":36,"column":76}},"10":{"start":{"line":37,"column":8},"end":{"line":37,"column":74}},"11":{"start":{"line":38,"column":8},"end":{"line":38,"column":102}},"12":{"start":{"line":39,"column":8},"end":{"line":39,"column":102}},"13":{"start":{"line":40,"column":8},"end":{"line":40,"column":89}},"14":{"start":{"line":41,"column":8},"end":{"line":41,"column":91}},"15":{"start":{"line":42,"column":8},"end":{"line":42,"column":74}},"16":{"start":{"line":43,"column":8},"end":{"line":43,"column":95}},"17":{"start":{"line":46,"column":8},"end":{"line":46,"column":77}},"18":{"start":{"line":49,"column":8},"end":{"line":49,"column":75}},"19":{"start":{"line":52,"column":8},"end":{"line":52,"column":69}},"20":{"start":{"line":55,"column":8},"end":{"line":55,"column":77}},"21":{"start":{"line":58,"column":8},"end":{"line":58,"column":69}},"22":{"start":{"line":61,"column":8},"end":{"line":61,"column":80}},"23":{"start":{"line":64,"column":8},"end":{"line":64,"column":80}},"24":{"start":{"line":67,"column":8},"end":{"line":67,"column":67}},"25":{"start":{"line":70,"column":8},"end":{"line":70,"column":69}},"26":{"start":{"line":73,"column":8},"end":{"line":73,"column":79}},"27":{"start":{"line":76,"column":8},"end":{"line":76,"column":73}},"28":{"start":{"line":79,"column":8},"end":{"line":79,"column":54}},"29":{"start":{"line":82,"column":8},"end":{"line":82,"column":54}},"30":{"start":{"line":85,"column":8},"end":{"line":85,"column":54}},"31":{"start":{"line":88,"column":8},"end":{"line":88,"column":63}},"32":{"start":{"line":91,"column":0},"end":{"line":91,"column":39}}},"fnMap":{"0":{"name":"(anonymous_0)","decl":{"start":{"line":5,"column":4},"end":{"line":5,"column":5}},"loc":{"start":{"line":5,"column":18},"end":{"line":27,"column":5}},"line":5},"1":{"name":"(anonymous_1)","decl":{"start":{"line":29,"column":4},"end":{"line":29,"column":5}},"loc":{"start":{"line":29,"column":28},"end":{"line":31,"column":5}},"line":29},"2":{"name":"(anonymous_2)","decl":{"start":{"line":32,"column":4},"end":{"line":32,"column":5}},"loc":{"start":{"line":32,"column":45},"end":{"line":44,"column":5}},"line":32},"3":{"name":"(anonymous_3)","decl":{"start":{"line":45,"column":4},"end":{"line":45,"column":5}},"loc":{"start":{"line":45,"column":41},"end":{"line":47,"column":5}},"line":45},"4":{"name":"(anonymous_4)","decl":{"start":{"line":48,"column":4},"end":{"line":48,"column":5}},"loc":{"start":{"line":48,"column":39},"end":{"line":50,"column":5}},"line":48},"5":{"name":"(anonymous_5)","decl":{"start":{"line":51,"column":4},"end":{"line":51,"column":5}},"loc":{"start":{"line":51,"column":32},"end":{"line":53,"column":5}},"line":51},"6":{"name":"(anonymous_6)","decl":{"start":{"line":54,"column":4},"end":{"line":54,"column":5}},"loc":{"start":{"line":54,"column":40},"end":{"line":56,"column":5}},"line":54},"7":{"name":"(anonymous_7)","decl":{"start":{"line":57,"column":4},"end":{"line":57,"column":5}},"loc":{"start":{"line":57,"column":32},"end":{"line":59,"column":5}},"line":57},"8":{"name":"(anonymous_8)","decl":{"start":{"line":60,"column":4},"end":{"line":60,"column":5}},"loc":{"start":{"line":60,"column":36},"end":{"line":62,"column":5}},"line":60},"9":{"name":"(anonymous_9)","decl":{"start":{"line":63,"column":4},"end":{"line":63,"column":5}},"loc":{"start":{"line":63,"column":36},"end":{"line":65,"column":5}},"line":63},"10":{"name":"(anonymous_10)","decl":{"start":{"line":66,"column":4},"end":{"line":66,"column":5}},"loc":{"start":{"line":66,"column":30},"end":{"line":68,"column":5}},"line":66},"11":{"name":"(anonymous_11)","decl":{"start":{"line":69,"column":4},"end":{"line":69,"column":5}},"loc":{"start":{"line":69,"column":32},"end":{"line":71,"column":5}},"line":69},"12":{"name":"(anonymous_12)","decl":{"start":{"line":72,"column":4},"end":{"line":72,"column":5}},"loc":{"start":{"line":72,"column":43},"end":{"line":74,"column":5}},"line":72},"13":{"name":"(anonymous_13)","decl":{"start":{"line":75,"column":4},"end":{"line":75,"column":5}},"loc":{"start":{"line":75,"column":36},"end":{"line":77,"column":5}},"line":75},"14":{"name":"(anonymous_14)","decl":{"start":{"line":78,"column":4},"end":{"line":78,"column":5}},"loc":{"start":{"line":78,"column":25},"end":{"line":80,"column":5}},"line":78},"15":{"name":"(anonymous_15)","decl":{"start":{"line":81,"column":4},"end":{"line":81,"column":5}},"loc":{"start":{"line":81,"column":25},"end":{"line":83,"column":5}},"line":81},"16":{"name":"(anonymous_16)","decl":{"start":{"line":84,"column":4},"end":{"line":84,"column":5}},"loc":{"start":{"line":84,"column":25},"end":{"line":86,"column":5}},"line":84},"17":{"name":"(anonymous_17)","decl":{"start":{"line":87,"column":4},"end":{"line":87,"column":5}},"loc":{"start":{"line":87,"column":30},"end":{"line":89,"column":5}},"line":87}},"branchMap":{},"s":{"0":3,"1":3,"2":3,"3":3,"4":3,"5":0,"6":0,"7":0,"8":0,"9":0,"10":0,"11":0,"12":0,"13":0,"14":0,"15":0,"16":0,"17":0,"18":0,"19":0,"20":0,"21":0,"22":0,"23":0,"24":0,"25":0,"26":0,"27":0,"28":0,"29":0,"30":0,"31":0,"32":3},"f":{"0":3,"1":0,"2":0,"3":0,"4":0,"5":0,"6":0,"7":0,"8":0,"9":0,"10":0,"11":0,"12":0,"13":0,"14":0,"15":0,"16":0,"17":0},"b":{},"_coverageSchema":"1a1c01bbd47fc00a2c39e90264f33305004495a9","hash":"6be5401b119b60623b01e60c682f9e14f907c2ac"}
,"C:\\dev\\projects\\a31_test_automation_frameworks\\aqa_js\\automation_selenium\\pom\\landingpage.js": {"path":"C:\\dev\\projects\\a31_test_automation_frameworks\\aqa_js\\automation_selenium\\pom\\landingpage.js","statementMap":{"0":{"start":{"line":1,"column":14},"end":{"line":1,"column":43}},"1":{"start":{"line":2,"column":15},"end":{"line":2,"column":37}},"2":{"start":{"line":6,"column":8},"end":{"line":6,"column":16}},"3":{"start":{"line":7,"column":8},"end":{"line":7,"column":50}},"4":{"start":{"line":8,"column":8},"end":{"line":13,"column":10}},"5":{"start":{"line":17,"column":8},"end":{"line":17,"column":38}},"6":{"start":{"line":21,"column":8},"end":{"line":21,"column":83}},"7":{"start":{"line":25,"column":8},"end":{"line":25,"column":89}},"8":{"start":{"line":29,"column":8},"end":{"line":29,"column":54}},"9":{"start":{"line":33,"column":8},"end":{"line":33,"column":54}},"10":{"start":{"line":36,"column":0},"end":{"line":36,"column":35}}},"fnMap":{"0":{"name":"(anonymous_0)","decl":{"start":{"line":5,"column":4},"end":{"line":5,"column":5}},"loc":{"start":{"line":5,"column":18},"end":{"line":14,"column":5}},"line":5},"1":{"name":"(anonymous_1)","decl":{"start":{"line":16,"column":4},"end":{"line":16,"column":5}},"loc":{"start":{"line":16,"column":28},"end":{"line":18,"column":5}},"line":16},"2":{"name":"(anonymous_2)","decl":{"start":{"line":20,"column":4},"end":{"line":20,"column":5}},"loc":{"start":{"line":20,"column":33},"end":{"line":22,"column":5}},"line":20},"3":{"name":"(anonymous_3)","decl":{"start":{"line":24,"column":4},"end":{"line":24,"column":5}},"loc":{"start":{"line":24,"column":39},"end":{"line":26,"column":5}},"line":24},"4":{"name":"(anonymous_4)","decl":{"start":{"line":28,"column":4},"end":{"line":28,"column":5}},"loc":{"start":{"line":28,"column":25},"end":{"line":30,"column":5}},"line":28},"5":{"name":"(anonymous_5)","decl":{"start":{"line":32,"column":4},"end":{"line":32,"column":5}},"loc":{"start":{"line":32,"column":25},"end":{"line":34,"column":5}},"line":32}},"branchMap":{},"s":{"0":5,"1":5,"2":5,"3":5,"4":5,"5":2,"6":1,"7":1,"8":1,"9":1,"10":5},"f":{"0":5,"1":2,"2":1,"3":1,"4":1,"5":1},"b":{},"_coverageSchema":"1a1c01bbd47fc00a2c39e90264f33305004495a9","hash":"1cc902989f144f1cbd2ac8983af305685453e963"}
,"C:\\dev\\projects\\a31_test_automation_frameworks\\aqa_js\\automation_selenium\\pom\\loginpage.js": {"path":"C:\\dev\\projects\\a31_test_automation_frameworks\\aqa_js\\automation_selenium\\pom\\loginpage.js","statementMap":{"0":{"start":{"line":1,"column":14},"end":{"line":1,"column":43}},"1":{"start":{"line":2,"column":15},"end":{"line":2,"column":37}},"2":{"start":{"line":6,"column":8},"end":{"line":6,"column":16}},"3":{"start":{"line":7,"column":8},"end":{"line":7,"column":55}},"4":{"start":{"line":8,"column":8},"end":{"line":13,"column":10}},"5":{"start":{"line":17,"column":8},"end":{"line":17,"column":38}},"6":{"start":{"line":21,"column":8},"end":{"line":21,"column":83}},"7":{"start":{"line":25,"column":8},"end":{"line":25,"column":89}},"8":{"start":{"line":29,"column":8},"end":{"line":29,"column":54}},"9":{"start":{"line":33,"column":8},"end":{"line":33,"column":54}},"10":{"start":{"line":36,"column":8},"end":{"line":36,"column":43}},"11":{"start":{"line":37,"column":8},"end":{"line":37,"column":42}},"12":{"start":{"line":38,"column":8},"end":{"line":38,"column":48}},"13":{"start":{"line":39,"column":8},"end":{"line":39,"column":34}},"14":{"start":{"line":42,"column":0},"end":{"line":42,"column":33}}},"fnMap":{"0":{"name":"(anonymous_0)","decl":{"start":{"line":5,"column":4},"end":{"line":5,"column":5}},"loc":{"start":{"line":5,"column":18},"end":{"line":14,"column":5}},"line":5},"1":{"name":"(anonymous_1)","decl":{"start":{"line":16,"column":4},"end":{"line":16,"column":5}},"loc":{"start":{"line":16,"column":28},"end":{"line":18,"column":5}},"line":16},"2":{"name":"(anonymous_2)","decl":{"start":{"line":20,"column":4},"end":{"line":20,"column":5}},"loc":{"start":{"line":20,"column":33},"end":{"line":22,"column":5}},"line":20},"3":{"name":"(anonymous_3)","decl":{"start":{"line":24,"column":4},"end":{"line":24,"column":5}},"loc":{"start":{"line":24,"column":39},"end":{"line":26,"column":5}},"line":24},"4":{"name":"(anonymous_4)","decl":{"start":{"line":28,"column":4},"end":{"line":28,"column":5}},"loc":{"start":{"line":28,"column":25},"end":{"line":30,"column":5}},"line":28},"5":{"name":"(anonymous_5)","decl":{"start":{"line":32,"column":4},"end":{"line":32,"column":5}},"loc":{"start":{"line":32,"column":25},"end":{"line":34,"column":5}},"line":32},"6":{"name":"(anonymous_6)","decl":{"start":{"line":35,"column":4},"end":{"line":35,"column":5}},"loc":{"start":{"line":35,"column":58},"end":{"line":40,"column":5}},"line":35}},"branchMap":{},"s":{"0":4,"1":4,"2":4,"3":4,"4":4,"5":0,"6":0,"7":0,"8":0,"9":0,"10":0,"11":0,"12":0,"13":0,"14":4},"f":{"0":4,"1":0,"2":0,"3":0,"4":0,"5":0,"6":0},"b":{},"_coverageSchema":"1a1c01bbd47fc00a2c39e90264f33305004495a9","hash":"bcbe8fa72adbfed2fe71124b2a0ffae138968ace"}
}
